{"level":"info","message":"Attempting to connect to MongoDB Atlas...","service":"dental-survey-api","timestamp":"2026-04-01T10:15:38.452Z"}
{"level":"info","message":"Server running on port 5001","service":"dental-survey-api","timestamp":"2026-04-01T10:15:38.479Z"}
{"level":"info","message":"MongoDB connected successfully","service":"dental-survey-api","timestamp":"2026-04-01T10:15:39.024Z"}
{"level":"info","message":"Attempting to connect to MongoDB Atlas...","service":"dental-survey-api","timestamp":"2026-04-01T10:22:25.769Z"}
{"level":"info","message":"Server running on port 5001","service":"dental-survey-api","timestamp":"2026-04-01T10:22:25.789Z"}
{"level":"info","message":"MongoDB connected successfully","service":"dental-survey-api","timestamp":"2026-04-01T10:22:26.263Z"}
{"level":"info","message":"Attempting to connect to MongoDB Atlas...","service":"dental-survey-api","timestamp":"2026-04-01T10:53:21.435Z"}
{"level":"info","message":"Server running on port 5001","service":"dental-survey-api","timestamp":"2026-04-01T10:53:21.458Z"}
{"level":"info","message":"MongoDB connected successfully","service":"dental-survey-api","timestamp":"2026-04-01T10:53:21.978Z"}
{"level":"info","message":"Attempting to connect to MongoDB Atlas...","service":"dental-survey-api","timestamp":"2026-04-01T11:08:26.891Z"}
{"level":"info","message":"Server running on port 5001","service":"dental-survey-api","timestamp":"2026-04-01T11:08:26.908Z"}
{"level":"info","message":"MongoDB connected successfully","service":"dental-survey-api","timestamp":"2026-04-01T11:08:27.397Z"}
{"level":"info","message":"Attempting to connect to MongoDB Atlas...","service":"dental-survey-api","timestamp":"2026-04-01T11:51:13.599Z"}
{"level":"info","message":"Server running on port 5001","service":"dental-survey-api","timestamp":"2026-04-01T11:51:13.617Z"}
{"level":"info","message":"MongoDB connected successfully","service":"dental-survey-api","timestamp":"2026-04-01T11:51:14.069Z"}
{"level":"info","message":"Attempting to connect to MongoDB Atlas...","service":"dental-survey-api","timestamp":"2026-04-01T11:55:12.162Z"}
{"level":"info","message":"Server running on port 5001","service":"dental-survey-api","timestamp":"2026-04-01T11:55:12.181Z"}
{"level":"info","message":"MongoDB connected successfully","service":"dental-survey-api","timestamp":"2026-04-01T11:55:12.668Z"}
{"level":"info","message":"Attempting to connect to MongoDB Atlas...","service":"dental-survey-api","timestamp":"2026-04-01T13:02:25.677Z"}
{"level":"info","message":"Server running on port 5001","service":"dental-survey-api","timestamp":"2026-04-01T13:02:25.706Z"}
{"level":"info","message":"MongoDB connected successfully","service":"dental-survey-api","timestamp":"2026-04-01T13:02:26.282Z"}
{"level":"info","message":"Attempting to connect to MongoDB Atlas...","service":"dental-survey-api","timestamp":"2026-04-07T04:36:47.840Z"}
{"level":"info","message":"Server running on port 5001","service":"dental-survey-api","timestamp":"2026-04-07T04:36:47.873Z"}
{"level":"info","message":"MongoDB connected successfully","service":"dental-survey-api","timestamp":"2026-04-07T04:36:48.479Z"}
{"level":"info","message":"Attempting to connect to MongoDB Atlas...","service":"dental-survey-api","timestamp":"2026-04-10T04:40:00.408Z"}
{"level":"info","message":"Server running on port 5001","service":"dental-survey-api","timestamp":"2026-04-10T04:40:00.448Z"}
{"level":"info","message":"MongoDB connected successfully","service":"dental-survey-api","timestamp":"2026-04-10T04:40:01.147Z"}
{"level":"info","message":"Attempting to connect to MongoDB using mongodb+srv://jerrinkjoy916_db_user:Jerrinkjoy@cluster0.2d7vuin.mongodb.net/dental_survey?retryWrites=true&w=majority&appName=Cluster0","service":"dental-survey-api","timestamp":"2026-04-10T04:48:14.637Z"}
{"level":"info","message":"Server running on port 5001","service":"dental-survey-api","timestamp":"2026-04-10T04:48:14.672Z"}
{"level":"info","message":"MongoDB URI source: MONGO_URI environment variable","service":"dental-survey-api","timestamp":"2026-04-10T04:48:14.673Z"}
{"level":"info","message":"MongoDB connected successfully","service":"dental-survey-api","timestamp":"2026-04-10T04:48:15.275Z"}
{"level":"info","message":"Attempting to connect to MongoDB using mongodb+srv://jerrinkjoy916_db_user:Jerrinkjoy@cluster0.2d7vuin.mongodb.net/dental_survey?retryWrites=true&w=majority&appName=Cluster0","service":"dental-survey-api","timestamp":"2026-04-10T04:48:47.177Z"}
{"level":"info","message":"Server running on port 5001","service":"dental-survey-api","timestamp":"2026-04-10T04:48:47.212Z"}
{"level":"info","message":"MongoDB URI source: MONGO_URI environment variable","service":"dental-survey-api","timestamp":"2026-04-10T04:48:47.213Z"}
{"level":"info","message":"MongoDB connected successfully","service":"dental-survey-api","timestamp":"2026-04-10T04:48:47.854Z"}
{"level":"info","message":"Attempting to connect to MongoDB using mongodb+srv://jerrinkjoy916_db_user:Jerrinkjoy@cluster0.2d7vuin.mongodb.net/dental_survey?retryWrites=true&w=majority&appName=Cluster0","service":"dental-survey-api","timestamp":"2026-04-10T04:49:07.425Z"}
{"level":"info","message":"Server running on port 5001","service":"dental-survey-api","timestamp":"2026-04-10T04:49:07.456Z"}
{"level":"info","message":"MongoDB URI source: MONGO_URI environment variable","service":"dental-survey-api","timestamp":"2026-04-10T04:49:07.457Z"}
{"level":"info","message":"MongoDB connected successfully","service":"dental-survey-api","timestamp":"2026-04-10T04:49:07.996Z"}
{"level":"info","message":"Attempting to connect to MongoDB using mongodb+srv://jerrinkjoy916_db_user:Jerrinkjoy@cluster0.2d7vuin.mongodb.net/dental_survey?retryWrites=true&w=majority&appName=Cluster0","service":"dental-survey-api","timestamp":"2026-04-10T04:49:11.331Z"}
{"level":"info","message":"Server running on port 5001","service":"dental-survey-api","timestamp":"2026-04-10T04:49:11.371Z"}
{"level":"info","message":"MongoDB URI source: MONGO_URI environment variable","service":"dental-survey-api","timestamp":"2026-04-10T04:49:11.372Z"}
{"level":"info","message":"MongoDB connected successfully","service":"dental-survey-api","timestamp":"2026-04-10T04:49:11.974Z"}
{"level":"info","message":"Attempting to connect to MongoDB using mongodb+srv://jerrinkjoy916_db_user:Jerrinkjoy@cluster0.2d7vuin.mongodb.net/dental_survey?retryWrites=true&w=majority&appName=Cluster0","service":"dental-survey-api","timestamp":"2026-04-10T04:54:30.385Z"}
{"level":"info","message":"Server running on port 5001","service":"dental-survey-api","timestamp":"2026-04-10T04:54:30.421Z"}
{"level":"info","message":"MongoDB URI source: MONGO_URI environment variable","service":"dental-survey-api","timestamp":"2026-04-10T04:54:30.422Z"}
{"level":"info","message":"MongoDB connected successfully","service":"dental-survey-api","timestamp":"2026-04-10T04:54:30.957Z"}
{"level":"info","message":"Attempting to connect to MongoDB using mongodb+srv://jerrinkjoy916_db_user:Jerrinkjoy@cluster0.2d7vuin.mongodb.net/dental_survey?retryWrites=true&w=majority&appName=Cluster0","service":"dental-survey-api","timestamp":"2026-04-10T04:59:58.558Z"}
{"level":"info","message":"Server running on port 5002","service":"dental-survey-api","timestamp":"2026-04-10T04:59:58.593Z"}
{"level":"info","message":"MongoDB URI source: MONGO_URI environment variable","service":"dental-survey-api","timestamp":"2026-04-10T04:59:58.594Z"}
{"level":"info","message":"MongoDB connected successfully","service":"dental-survey-api","timestamp":"2026-04-10T04:59:59.166Z"}
{"level":"info","message":"Attempting to connect to MongoDB using mongodb+srv://jerrinkjoy916_db_user:Jerrinkjoy@cluster0.2d7vuin.mongodb.net/dental_survey?retryWrites=true&w=majority&appName=Cluster0","service":"dental-survey-api","timestamp":"2026-04-10T05:01:42.430Z"}
{"level":"info","message":"Server running on port 5001","service":"dental-survey-api","timestamp":"2026-04-10T05:01:42.468Z"}
{"level":"info","message":"MongoDB URI source: MONGO_URI environment variable","service":"dental-survey-api","timestamp":"2026-04-10T05:01:42.469Z"}
{"level":"info","message":"MongoDB connected successfully","service":"dental-survey-api","timestamp":"2026-04-10T05:01:42.961Z"}
{"level":"info","message":"Attempting to connect to MongoDB using mongodb+srv://jerrinkjoy916_db_user:Jerrinkjoy@cluster0.2d7vuin.mongodb.net/dental_survey?retryWrites=true&w=majority&appName=Cluster0","service":"dental-survey-api","timestamp":"2026-04-10T05:02:03.477Z"}
{"level":"info","message":"Server running on port 5002","service":"dental-survey-api","timestamp":"2026-04-10T05:02:03.510Z"}
{"level":"info","message":"MongoDB URI source: MONGO_URI environment variable","service":"dental-survey-api","timestamp":"2026-04-10T05:02:03.511Z"}
{"level":"info","message":"MongoDB connected successfully","service":"dental-survey-api","timestamp":"2026-04-10T05:02:04.035Z"}
{"level":"info","message":"Attempting to connect to MongoDB using mongodb+srv://jerrinkjoy916_db_user:Jerrinkjoy@cluster0.2d7vuin.mongodb.net/dental_survey?retryWrites=true&w=majority&appName=Cluster0","service":"dental-survey-api","timestamp":"2026-04-10T05:07:24.878Z"}
{"level":"info","message":"Server running on port 5001","service":"dental-survey-api","timestamp":"2026-04-10T05:07:24.905Z"}
{"level":"info","message":"MongoDB URI source: MONGO_URI environment variable","service":"dental-survey-api","timestamp":"2026-04-10T05:07:24.906Z"}
{"level":"info","message":"MongoDB connected successfully","service":"dental-survey-api","timestamp":"2026-04-10T05:07:25.416Z"}
{"level":"info","message":"Attempting to connect to MongoDB using mongodb+srv://jerrinkjoy916_db_user:Jerrinkjoy@cluster0.2d7vuin.mongodb.net/dental_survey?retryWrites=true&w=majority&appName=Cluster0","service":"dental-survey-api","timestamp":"2026-04-10T05:11:57.866Z"}
{"level":"info","message":"Server running on port 5001","service":"dental-survey-api","timestamp":"2026-04-10T05:11:57.885Z"}
{"level":"info","message":"MongoDB URI source: MONGO_URI environment variable","service":"dental-survey-api","timestamp":"2026-04-10T05:11:57.886Z"}
{"level":"info","message":"MongoDB connected successfully","service":"dental-survey-api","timestamp":"2026-04-10T05:11:58.358Z"}
{"level":"info","message":"Attempting to connect to MongoDB using mongodb+srv://jerrinkjoy916_db_user:Jerrinkjoy@cluster0.2d7vuin.mongodb.net/dental_survey?retryWrites=true&w=majority&appName=Cluster0","service":"dental-survey-api","timestamp":"2026-04-10T05:22:00.144Z"}
{"level":"info","message":"Server running on port 5001","service":"dental-survey-api","timestamp":"2026-04-10T05:22:00.160Z"}
{"level":"info","message":"MongoDB URI source: MONGO_URI environment variable","service":"dental-survey-api","timestamp":"2026-04-10T05:22:00.161Z"}
{"level":"info","message":"MongoDB connected successfully","service":"dental-survey-api","timestamp":"2026-04-10T05:22:00.641Z"}
{"level":"info","message":"Attempting to connect to MongoDB using mongodb+srv://jerrinkjoy916_db_user:Jerrinkjoy@cluster0.2d7vuin.mongodb.net/dental_survey?retryWrites=true&w=majority&appName=Cluster0","service":"dental-survey-api","timestamp":"2026-04-10T05:31:36.889Z"}
{"level":"info","message":"Server running on port 5001","service":"dental-survey-api","timestamp":"2026-04-10T05:31:36.904Z"}
{"level":"info","message":"MongoDB URI source: MONGO_URI environment variable","service":"dental-survey-api","timestamp":"2026-04-10T05:31:36.905Z"}
{"level":"info","message":"MongoDB connected successfully","service":"dental-survey-api","timestamp":"2026-04-10T05:31:37.385Z"}
{"level":"info","message":"Attempting to connect to MongoDB using mongodb+srv://jerrinkjoy916_db_user:Jerrinkjoy@cluster0.2d7vuin.mongodb.net/dental_survey?retryWrites=true&w=majority&appName=Cluster0","service":"dental-survey-api","timestamp":"2026-04-10T06:44:31.051Z"}
{"level":"info","message":"Server running on port 5001","service":"dental-survey-api","timestamp":"2026-04-10T06:44:31.068Z"}
{"level":"info","message":"MongoDB URI source: MONGO_URI environment variable","service":"dental-survey-api","timestamp":"2026-04-10T06:44:31.069Z"}
{"level":"info","message":"MongoDB connected successfully","service":"dental-survey-api","timestamp":"2026-04-10T06:44:31.666Z"}
{"level":"info","message":"Attempting to connect to MongoDB using mongodb+srv://jerrinkjoy916_db_user:Jerrinkjoy@cluster0.2d7vuin.mongodb.net/dental_survey?retryWrites=true&w=majority&appName=Cluster0","service":"dental-survey-api","timestamp":"2026-04-10T07:38:20.869Z"}
{"level":"info","message":"Server running on port 5001","service":"dental-survey-api","timestamp":"2026-04-10T07:38:20.888Z"}
{"level":"info","message":"MongoDB URI source: MONGO_URI environment variable","service":"dental-survey-api","timestamp":"2026-04-10T07:38:20.888Z"}
{"level":"info","message":"MongoDB connected successfully","service":"dental-survey-api","timestamp":"2026-04-10T07:38:21.368Z"}
{"level":"info","message":"Attempting to connect to MongoDB using mongodb+srv://jerrinkjoy916_db_user:Jerrinkjoy@cluster0.2d7vuin.mongodb.net/dental_survey?retryWrites=true&w=majority&appName=Cluster0","service":"dental-survey-api","timestamp":"2026-04-10T07:49:40.114Z"}
{"level":"info","message":"Server running on port 5001","service":"dental-survey-api","timestamp":"2026-04-10T07:49:40.131Z"}
{"level":"info","message":"MongoDB URI source: MONGO_URI environment variable","service":"dental-survey-api","timestamp":"2026-04-10T07:49:40.132Z"}
{"level":"info","message":"MongoDB connected successfully","service":"dental-survey-api","timestamp":"2026-04-10T07:49:40.601Z"}
{"level":"info","message":"Attempting to connect to MongoDB using mongodb+srv://jerrinkjoy916_db_user:Jerrinkjoy@cluster0.2d7vuin.mongodb.net/dental_survey?retryWrites=true&w=majority&appName=Cluster0","service":"dental-survey-api","timestamp":"2026-04-10T10:33:46.323Z"}
{"level":"info","message":"Server running on port 5001","service":"dental-survey-api","timestamp":"2026-04-10T10:33:46.353Z"}
{"level":"info","message":"MongoDB URI source: MONGO_URI environment variable","service":"dental-survey-api","timestamp":"2026-04-10T10:33:46.354Z"}
{"level":"info","message":"MongoDB connected successfully","service":"dental-survey-api","timestamp":"2026-04-10T10:33:46.874Z"}
{"level":"info","message":"Attempting to connect to MongoDB using mongodb+srv://jerrinkjoy916_db_user:Jerrinkjoy@cluster0.2d7vuin.mongodb.net/dental_survey?retryWrites=true&w=majority&appName=Cluster0","service":"dental-survey-api","timestamp":"2026-04-10T10:36:28.396Z"}
{"level":"info","message":"Server running on port 5001","service":"dental-survey-api","timestamp":"2026-04-10T10:36:28.429Z"}
{"level":"info","message":"MongoDB URI source: MONGO_URI environment variable","service":"dental-survey-api","timestamp":"2026-04-10T10:36:28.430Z"}
{"level":"info","message":"MongoDB connected successfully","service":"dental-survey-api","timestamp":"2026-04-10T10:36:28.967Z"}
{"level":"info","message":"Attempting to connect to MongoDB using mongodb+srv://jerrinkjoy916_db_user:Jerrinkjoy@cluster0.2d7vuin.mongodb.net/dental_survey?retryWrites=true&w=majority&appName=Cluster0","service":"dental-survey-api","timestamp":"2026-04-10T10:36:41.820Z"}
{"level":"info","message":"Server running on port 5001","service":"dental-survey-api","timestamp":"2026-04-10T10:36:41.854Z"}
{"level":"info","message":"MongoDB URI source: MONGO_URI environment variable","service":"dental-survey-api","timestamp":"2026-04-10T10:36:41.855Z"}
{"level":"info","message":"MongoDB connected successfully","service":"dental-survey-api","timestamp":"2026-04-10T10:36:42.374Z"}
{"level":"info","message":"Attempting to connect to MongoDB using mongodb+srv://jerrinkjoy916_db_user:Jerrinkjoy@cluster0.2d7vuin.mongodb.net/dental_survey?retryWrites=true&w=majority&appName=Cluster0","service":"dental-survey-api","timestamp":"2026-04-10T10:36:50.736Z"}
{"level":"info","message":"Server running on port 5001","service":"dental-survey-api","timestamp":"2026-04-10T10:36:50.768Z"}
{"level":"info","message":"MongoDB URI source: MONGO_URI environment variable","service":"dental-survey-api","timestamp":"2026-04-10T10:36:50.769Z"}
{"level":"info","message":"MongoDB connected successfully","service":"dental-survey-api","timestamp":"2026-04-10T10:36:51.302Z"}
{"level":"info","message":"Attempting to connect to MongoDB using mongodb+srv://jerrinkjoy916_db_user:Jerrinkjoy@cluster0.2d7vuin.mongodb.net/dental_survey?retryWrites=true&w=majority&appName=Cluster0","service":"dental-survey-api","timestamp":"2026-04-10T10:37:00.930Z"}
{"level":"info","message":"Server running on port 5001","service":"dental-survey-api","timestamp":"2026-04-10T10:37:00.967Z"}
{"level":"info","message":"MongoDB URI source: MONGO_URI environment variable","service":"dental-survey-api","timestamp":"2026-04-10T10:37:00.968Z"}
{"level":"info","message":"MongoDB connected successfully","service":"dental-survey-api","timestamp":"2026-04-10T10:37:01.527Z"}
{"level":"info","message":"Attempting to connect to MongoDB using mongodb+srv://jerrinkjoy916_db_user:Jerrinkjoy@cluster0.2d7vuin.mongodb.net/dental_survey?retryWrites=true&w=majority&appName=Cluster0","service":"dental-survey-api","timestamp":"2026-04-10T12:25:25.760Z"}
{"level":"info","message":"Server running on port 5001","service":"dental-survey-api","timestamp":"2026-04-10T12:25:25.788Z"}
{"level":"info","message":"MongoDB URI source: MONGO_URI environment variable","service":"dental-survey-api","timestamp":"2026-04-10T12:25:25.789Z"}
{"level":"info","message":"MongoDB connected successfully","service":"dental-survey-api","timestamp":"2026-04-10T12:25:26.417Z"}
